Vivado Simulator v2023.2
Copyright 1986-2022 Xilinx, Inc. All Rights Reserved.
Copyright 2022-2023 Advanced Micro Devices, Inc. All Rights Reserved.
Running: C:/Xilinx/Vivado/2023.2/bin/unwrapped/win64.o/xelab.exe --incr --debug typical --relax --mt 2 -L xil_defaultlib -L unisims_ver -L unimacro_ver -L secureip --snapshot secondorderSDM_tb_behav xil_defaultlib.secondorderSDM_tb xil_defaultlib.glbl -log elaborate.log 
Using 2 slave threads.
Starting static elaboration
Pass Through NonSizing Optimizer
Completed static elaboration
Starting simulation data flow analysis
Completed simulation data flow analysis
Time Resolution for simulation is 1ps
Compiling module xil_defaultlib.km_select
Compiling module xil_defaultlib.nbitflipflop
Compiling module xil_defaultlib.nbitadder
Compiling module xil_defaultlib.dflipflop
Compiling module xil_defaultlib.accumulator
Compiling module xil_defaultlib.count_sum
Compiling module xil_defaultlib.secondorderDSM
Compiling module xil_defaultlib.secondorderSDM_tb
Compiling module xil_defaultlib.glbl
Built simulation snapshot secondorderSDM_tb_behav
